{
  "RSpec": {
    "coverage": {
      "/tmp/logstash-filter-c2server_out_all/lib/logstash/filters/c2server_out_all.rb": [
        null,
        1,
        1,
        null,
        1,
        null,
        1,
        null,
        null,
        1,
        null,
        1,
        1,
        null,
        null,
        null,
        1,
        1,
        30,
        30,
        2,
        28,
        2,
        26,
        1,
        25,
        1,
        24,
        5,
        19,
        15,
        4,
        2,
        2,
        1,
        null,
        null,
        1,
        1,
        1,
        null,
        null,
        null,
        1,
        1,
        null,
        24,
        null,
        null,
        null,
        null,
        null,
        null,
        null,
        null,
        null,
        null,
        null,
        null,
        null,
        null,
        null,
        null,
        null,
        null,
        24,
        null,
        null,
        null,
        23,
        23,
        22,
        22,
        null,
        1,
        1,
        null,
        23,
        null,
        23,
        null,
        null,
        null,
        null,
        null,
        null,
        null,
        null,
        null,
        21,
        null,
        21,
        14,
        null,
        null,
        21,
        19,
        null,
        null,
        21,
        14,
        null,
        null,
        21,
        21,
        null,
        null,
        21,
        20,
        null,
        null,
        21,
        null,
        21,
        null,
        21,
        17,
        null,
        4,
        null,
        null,
        4,
        null,
        null,
        null,
        21,
        1,
        null,
        null,
        null,
        null,
        null,
        null,
        null,
        21,
        null,
        null,
        4,
        4,
        null,
        null,
        null,
        null,
        4,
        2,
        2,
        null,
        null,
        null,
        null,
        null,
        null,
        null,
        4,
        2,
        null,
        null,
        null,
        null,
        null,
        null,
        2,
        2,
        2,
        2,
        null,
        null,
        null,
        null,
        null,
        null,
        null,
        null,
        null,
        null,
        null,
        null,
        null,
        null,
        null,
        null,
        4,
        4,
        null,
        4,
        null,
        4,
        8,
        null,
        4,
        1,
        1,
        null,
        1,
        1,
        null,
        null,
        null,
        null,
        null,
        1,
        1,
        1,
        1,
        1,
        1,
        null,
        null,
        null,
        null,
        1,
        1,
        1,
        1,
        1,
        1,
        1,
        1,
        null,
        null,
        null,
        null,
        1,
        1,
        1,
        1,
        null,
        10,
        8,
        null,
        null,
        null,
        null,
        null,
        null,
        null,
        null,
        null,
        null,
        null,
        null,
        1,
        1,
        null,
        null,
        1,
        1,
        null,
        null,
        1,
        1,
        null,
        null,
        1,
        1,
        null,
        null,
        1,
        1,
        null,
        null,
        1,
        null,
        1,
        null,
        1,
        1,
        null,
        0,
        null,
        null,
        0,
        null,
        null,
        1,
        null,
        null,
        1,
        0,
        null,
        null,
        1,
        null,
        null,
        null,
        null,
        null,
        null,
        null,
        0,
        0,
        null,
        0,
        null,
        0,
        0,
        null,
        0,
        0,
        0,
        null,
        0,
        0,
        null,
        null,
        null,
        null,
        1,
        null,
        null,
        1,
        1,
        null,
        null,
        null,
        24,
        null,
        null
      ]
    },
    "timestamp": 1533627570
  }
}
